<?xml version="1.0" encoding="UTF-8"?>
<!-- Generated by org.testng.reporters.JUnitXMLReporter -->
<testsuite ignored="3" hostname="DESKTOP-EVTB58C" failures="1" tests="6" name="Test" time="185.04" errors="0" timestamp="2024-02-07T02:58:04 IST">
  <testcase classname="entrata.homepagetest" name="verifyLogo" time="0.123"/>
  <testcase classname="entrata.demotest" name="demotesttitle" time="11.647"/>
  <testcase classname="entrata.demotest" name="displaybutonwatchdemo" time="30.198"/>
  <testcase classname="entrata.SignInTest" name="propertybuttontest" time="8.42"/>
  <testcase classname="entrata.SignInTest" name="residentbuttontest" time="30.148"/>
  <testcase classname="entrata.residentaltest" name="pageurlresi" time="56.74">
    <failure type="java.lang.AssertionError" message="expected [https://www.residentportal.com/] but found [https://www.entrata.com/]">
      <![CDATA[java.lang.AssertionError: expected [https://www.residentportal.com/] but found [https://www.entrata.com/]
at entrata.residentaltest.pageurlresi(residentaltest.java:40)
at java.base/java.util.ArrayList.forEach(ArrayList.java:1510)
... Removed 32 stack frames]]>
    </failure>
  </testcase> <!-- pageurlresi -->
  <testcase classname="entrata.base.BaseClass" name="@BeforeTest loadcofig" time="0.0">
    <ignored/>
  </testcase> <!-- @BeforeTest loadcofig -->
  <testcase classname="entrata.base.BaseClass" name="@BeforeTest loadcofig" time="0.0">
    <ignored/>
  </testcase> <!-- @BeforeTest loadcofig -->
  <testcase classname="entrata.base.BaseClass" name="@BeforeTest loadcofig" time="0.0">
    <ignored/>
  </testcase> <!-- @BeforeTest loadcofig -->
</testsuite> <!-- Test -->
